{
  "stats": {
    "suites": 1,
    "tests": 1,
    "passes": 0,
    "pending": 0,
    "failures": 1,
    "start": "2026-04-09T11:51:41.699Z",
    "end": "2026-04-09T11:51:56.426Z",
    "duration": 14727,
    "testsRegistered": 1,
    "passPercent": 0,
    "pendingPercent": 0,
    "other": 0,
    "hasOther": false,
    "skipped": 0,
    "hasSkipped": false
  },
  "results": [
    {
      "uuid": "630cef92-b6a4-4bee-81b8-d235aa7a9f86",
      "title": "",
      "fullFile": "cypress\\e2e\\search.cy.js",
      "file": "cypress\\e2e\\search.cy.js",
      "beforeHooks": [],
      "afterHooks": [],
      "tests": [],
      "suites": [
        {
          "uuid": "3c491d91-d1a2-46af-b64e-2c97c053543a",
          "title": "template spec",
          "fullFile": "",
          "file": "",
          "beforeHooks": [],
          "afterHooks": [],
          "tests": [
            {
              "title": "Pesquisar termo existente",
              "fullTitle": "template spec Pesquisar termo existente",
              "timedOut": null,
              "duration": 12193,
              "state": "failed",
              "speed": null,
              "pass": false,
              "fail": true,
              "pending": false,
              "context": null,
              "code": "cy.get('[aria-label=\"Search icon link\"]', {\n  timeout: 10000\n}).should('be.visible').filter(':visible').click({\n  force: true\n});\ncy.get('input[placeholder=\"Digite sua busca\"]').type('imposto de renda{enter}');\ncy.get('.post-item').should('have.length.greaterThan', 0);",
              "err": {
                "message": "AssertionError: Timed out retrying after 10000ms: Expected to find element: `[aria-label=\"Search icon link\"]`, but never found it.",
                "estack": "AssertionError: Timed out retrying after 10000ms: Expected to find element: `[aria-label=\"Search icon link\"]`, but never found it.\n    at Context.eval (webpack://blog-agi-automation/./cypress/e2e/search.cy.js:12:7)",
                "diff": null
              },
              "uuid": "5cc907cc-ba78-44bd-b2f5-f35431d4e45e",
              "parentUUID": "3c491d91-d1a2-46af-b64e-2c97c053543a",
              "isHook": false,
              "skipped": false
            }
          ],
          "suites": [],
          "passes": [],
          "failures": [
            "5cc907cc-ba78-44bd-b2f5-f35431d4e45e"
          ],
          "pending": [],
          "skipped": [],
          "duration": 12193,
          "root": false,
          "rootEmpty": false,
          "_timeout": 2000
        }
      ],
      "passes": [],
      "failures": [],
      "pending": [],
      "skipped": [],
      "duration": 0,
      "root": true,
      "rootEmpty": true,
      "_timeout": 2000
    }
  ],
  "meta": {
    "mocha": {
      "version": "7.2.0"
    },
    "mochawesome": {
      "options": {
        "quiet": false,
        "reportFilename": "mochawesome",
        "saveHtml": false,
        "saveJson": true,
        "consoleReporter": "spec",
        "useInlineDiffs": false,
        "code": true
      },
      "version": "7.1.4"
    },
    "marge": {
      "options": {
        "reportDir": "cypress/reports",
        "overwrite": false,
        "html": false,
        "json": true
      },
      "version": "6.3.2"
    }
  }
}